<?xml version="1.0" encoding="UTF-8"?><testsuite name="nosetests" tests="10" errors="0" failures="0" skip="0"><testcase classname="oidserver.tests.test_api.TestApi" name="test_bad_login" time="0" /><testcase classname="oidserver.tests.test_api.TestApi" name="test_debug" time="0" /><testcase classname="oidserver.tests.test_api.TestApi" name="test_get_default_email" time="0" /><testcase classname="oidserver.tests.test_api.TestApi" name="test_get_emails" time="0" /><testcase classname="oidserver.tests.test_api.TestApi" name="test_get_identity_assertion" time="0" /><testcase classname="oidserver.tests.test_api.TestApi" name="test_heartbeat" time="0" /><testcase classname="oidserver.tests.test_api.TestApi" name="test_logged_in" time="0" /><testcase classname="oidserver.tests.test_api.TestApi" name="test_login" time="0" /><testcase classname="oidserver.tests.test_api.TestApi" name="test_remove_association" time="0" /><testcase classname="oidserver.tests.test_util.TestUtil" name="test_extract_username" time="0" /></testsuite>